D:\UNIVERSITY-9-SEM\TANK\TANK\BSUIR.MG.TANKS\BSUIR.MG.TANKS\DEBUG\BRICK.OBJ
D:\UNIVERSITY-9-SEM\TANK\TANK\BSUIR.MG.TANKS\BSUIR.MG.TANKS\DEBUG\CAMERA.OBJ
D:\UNIVERSITY-9-SEM\TANK\TANK\BSUIR.MG.TANKS\BSUIR.MG.TANKS\DEBUG\CAMERA2.OBJ
D:\UNIVERSITY-9-SEM\TANK\TANK\BSUIR.MG.TANKS\BSUIR.MG.TANKS\DEBUG\COLLISIONBOX.OBJ
D:\UNIVERSITY-9-SEM\TANK\TANK\BSUIR.MG.TANKS\BSUIR.MG.TANKS\DEBUG\COLLISIONBOXARRAY.OBJ
D:\UNIVERSITY-9-SEM\TANK\TANK\BSUIR.MG.TANKS\BSUIR.MG.TANKS\DEBUG\COLLISIONSQUARE.OBJ
D:\UNIVERSITY-9-SEM\TANK\TANK\BSUIR.MG.TANKS\BSUIR.MG.TANKS\DEBUG\COMMON.OBJ
D:\UNIVERSITY-9-SEM\TANK\TANK\BSUIR.MG.TANKS\BSUIR.MG.TANKS\DEBUG\CONTROLWAROBJECT.OBJ
D:\UNIVERSITY-9-SEM\TANK\TANK\BSUIR.MG.TANKS\BSUIR.MG.TANKS\DEBUG\GLOBAL.OBJ
D:\UNIVERSITY-9-SEM\TANK\TANK\BSUIR.MG.TANKS\BSUIR.MG.TANKS\DEBUG\LIGHT.OBJ
D:\UNIVERSITY-9-SEM\TANK\TANK\BSUIR.MG.TANKS\BSUIR.MG.TANKS\DEBUG\MAIN_DISABLED.OBJ
D:\UNIVERSITY-9-SEM\TANK\TANK\BSUIR.MG.TANKS\BSUIR.MG.TANKS\DEBUG\MAIN.OBJ
D:\UNIVERSITY-9-SEM\TANK\TANK\BSUIR.MG.TANKS\BSUIR.MG.TANKS\DEBUG\GAMEMODEL3DS.OBJ
D:\UNIVERSITY-9-SEM\TANK\TANK\BSUIR.MG.TANKS\BSUIR.MG.TANKS\DEBUG\OPENGL.OBJ
D:\UNIVERSITY-9-SEM\TANK\TANK\BSUIR.MG.TANKS\BSUIR.MG.TANKS\DEBUG\TANK.OBJ
D:\UNIVERSITY-9-SEM\TANK\TANK\BSUIR.MG.TANKS\BSUIR.MG.TANKS\DEBUG\TERRAIN.OBJ
D:\UNIVERSITY-9-SEM\TANK\TANK\BSUIR.MG.TANKS\BSUIR.MG.TANKS\DEBUG\TEXTURE.OBJ
D:\UNIVERSITY-9-SEM\TANK\TANK\BSUIR.MG.TANKS\BSUIR.MG.TANKS\DEBUG\TRAY.OBJ
D:\UNIVERSITY-9-SEM\TANK\TANK\BSUIR.MG.TANKS\BSUIR.MG.TANKS\DEBUG\TVECTOR.OBJ
D:\UNIVERSITY-9-SEM\TANK\TANK\BSUIR.MG.TANKS\BSUIR.MG.TANKS\DEBUG\WALL.OBJ
D:\UNIVERSITY-9-SEM\TANK\TANK\BSUIR.MG.TANKS\BSUIR.MG.TANKS\DEBUG\3DS.OBJ
D:\UNIVERSITY-9-SEM\TANK\TANK\BSUIR.MG.TANKS\BSUIR.MG.TANKS\DEBUG\VC110.PDB
D:\UNIVERSITY-9-SEM\TANK\TANK\BSUIR.MG.TANKS\DEBUG\BSUIR.MG.TANKS.ILK
D:\UNIVERSITY-9-SEM\TANK\TANK\BSUIR.MG.TANKS\DEBUG\BSUIR.MG.TANKS.EXE
D:\UNIVERSITY-9-SEM\TANK\TANK\BSUIR.MG.TANKS\DEBUG\BSUIR.MG.TANKS.PDB
D:\UNIVERSITY-9-SEM\TANK\TANK\BSUIR.MG.TANKS\BSUIR.MG.TANKS\DEBUG\BSUIR.MG.TANKS.RES
D:\UNIVERSITY-9-Sem\TANK\Tank\BSUIR.MG.Tanks\BSUIR.MG.Tanks\Debug\3ds.obj
D:\UNIVERSITY-9-Sem\TANK\Tank\BSUIR.MG.Tanks\BSUIR.MG.Tanks\Debug\Brick.obj
D:\UNIVERSITY-9-Sem\TANK\Tank\BSUIR.MG.Tanks\BSUIR.MG.Tanks\Debug\Camera.obj
D:\UNIVERSITY-9-Sem\TANK\Tank\BSUIR.MG.Tanks\BSUIR.MG.Tanks\Debug\Camera2.obj
D:\UNIVERSITY-9-Sem\TANK\Tank\BSUIR.MG.Tanks\BSUIR.MG.Tanks\Debug\CollisionBox.obj
D:\UNIVERSITY-9-Sem\TANK\Tank\BSUIR.MG.Tanks\BSUIR.MG.Tanks\Debug\CollisionBoxArray.obj
D:\UNIVERSITY-9-Sem\TANK\Tank\BSUIR.MG.Tanks\BSUIR.MG.Tanks\Debug\CollisionSquare.obj
D:\UNIVERSITY-9-Sem\TANK\Tank\BSUIR.MG.Tanks\BSUIR.MG.Tanks\Debug\common.obj
D:\UNIVERSITY-9-Sem\TANK\Tank\BSUIR.MG.Tanks\BSUIR.MG.Tanks\Debug\ControlWarObject.obj
D:\UNIVERSITY-9-Sem\TANK\Tank\BSUIR.MG.Tanks\BSUIR.MG.Tanks\Debug\GameModel3Ds.obj
D:\UNIVERSITY-9-Sem\TANK\Tank\BSUIR.MG.Tanks\BSUIR.MG.Tanks\Debug\Global.obj
D:\UNIVERSITY-9-Sem\TANK\Tank\BSUIR.MG.Tanks\BSUIR.MG.Tanks\Debug\Light.obj
D:\UNIVERSITY-9-Sem\TANK\Tank\BSUIR.MG.Tanks\BSUIR.MG.Tanks\Debug\main.obj
D:\UNIVERSITY-9-Sem\TANK\Tank\BSUIR.MG.Tanks\BSUIR.MG.Tanks\Debug\main_disabled.obj
D:\UNIVERSITY-9-Sem\TANK\Tank\BSUIR.MG.Tanks\BSUIR.MG.Tanks\Debug\OpenGL.obj
D:\UNIVERSITY-9-Sem\TANK\Tank\BSUIR.MG.Tanks\BSUIR.MG.Tanks\Debug\Tank.obj
D:\UNIVERSITY-9-Sem\TANK\Tank\BSUIR.MG.Tanks\BSUIR.MG.Tanks\Debug\Terrain.obj
D:\UNIVERSITY-9-Sem\TANK\Tank\BSUIR.MG.Tanks\BSUIR.MG.Tanks\Debug\Texture.obj
D:\UNIVERSITY-9-Sem\TANK\Tank\BSUIR.MG.Tanks\BSUIR.MG.Tanks\Debug\Tray.obj
D:\UNIVERSITY-9-Sem\TANK\Tank\BSUIR.MG.Tanks\BSUIR.MG.Tanks\Debug\Tvector.obj
D:\UNIVERSITY-9-Sem\TANK\Tank\BSUIR.MG.Tanks\BSUIR.MG.Tanks\Debug\Wall.obj
D:\UNIVERSITY-9-Sem\TANK\Tank\BSUIR.MG.Tanks\BSUIR.MG.Tanks\Debug\cl.command.1.tlog
D:\UNIVERSITY-9-Sem\TANK\Tank\BSUIR.MG.Tanks\BSUIR.MG.Tanks\Debug\CL.read.1.tlog
D:\UNIVERSITY-9-Sem\TANK\Tank\BSUIR.MG.Tanks\BSUIR.MG.Tanks\Debug\CL.write.1.tlog
D:\UNIVERSITY-9-Sem\TANK\Tank\BSUIR.MG.Tanks\BSUIR.MG.Tanks\Debug\link-cvtres.read.1.tlog
D:\UNIVERSITY-9-Sem\TANK\Tank\BSUIR.MG.Tanks\BSUIR.MG.Tanks\Debug\link-cvtres.write.1.tlog
D:\UNIVERSITY-9-Sem\TANK\Tank\BSUIR.MG.Tanks\BSUIR.MG.Tanks\Debug\link-rc.read.1.tlog
D:\UNIVERSITY-9-Sem\TANK\Tank\BSUIR.MG.Tanks\BSUIR.MG.Tanks\Debug\link-rc.write.1.tlog
D:\UNIVERSITY-9-Sem\TANK\Tank\BSUIR.MG.Tanks\BSUIR.MG.Tanks\Debug\link.command.1.tlog
D:\UNIVERSITY-9-Sem\TANK\Tank\BSUIR.MG.Tanks\BSUIR.MG.Tanks\Debug\link.read.1.tlog
D:\UNIVERSITY-9-Sem\TANK\Tank\BSUIR.MG.Tanks\BSUIR.MG.Tanks\Debug\link.write.1.tlog
D:\UNIVERSITY-9-Sem\TANK\Tank\BSUIR.MG.Tanks\BSUIR.MG.Tanks\Debug\rc.command.1.tlog
D:\UNIVERSITY-9-Sem\TANK\Tank\BSUIR.MG.Tanks\BSUIR.MG.Tanks\Debug\rc.read.1.tlog
D:\UNIVERSITY-9-Sem\TANK\Tank\BSUIR.MG.Tanks\BSUIR.MG.Tanks\Debug\rc.write.1.tlog
D:\UNIVERSITY-9-Sem\TANK\Tank\BSUIR.MG.Tanks\BSUIR.MG.Tanks\Debug\BSUIR.MG.Tanks.res
D:\UNIVERSITY-9-Sem\TANK\Tank\BSUIR.MG.Tanks\BSUIR.MG.Tanks\Debug\vc110.idb
D:\UNIVERSITY-9-Sem\TANK\Tank\BSUIR.MG.Tanks\BSUIR.MG.Tanks\Debug\vc110.pdb
D:\UNIVERSITY-9-Sem\TANK\Tank\BSUIR.MG.Tanks\Debug\BSUIR.MG.Tanks.pdb
D:\UNIVERSITY-9-Sem\TANK\Tank\BSUIR.MG.Tanks\Debug\BSUIR.MG.Tanks.exe
D:\UNIVERSITY-9-Sem\TANK\Tank\BSUIR.MG.Tanks\Debug\BSUIR.MG.Tanks.ilk
