Построение начато 19.10.2014 15:38:11.
     1>Проект "E:\My_Tank\Work\Tank\BSUIR.MG.Tanks\BSUIR.MG.Tanks\BSUIR.MG.Tanks.vcxproj" в узле 2 (целевые объекты Build).
     1>ClCompile:
         D:\Visual 2012\VC\bin\CL.exe /c /IE:\My_Tank\Work\Tank\BSUIR.MG.Tanks\/common/inc /ZI /nologo /W3 /WX- /Od /Oy- /D _MBCS /Gm /EHsc /RTC1 /MDd /GS /fp:precise /Zc:wchar_t /Zc:forScope /Fo"Debug\\" /Fd"Debug\vc110.pdb" /Gd /TP /analyze- /errorReport:prompt Brick.cpp
         Brick.cpp
     1>e:\my_tank\work\tank\bsuir.mg.tanks\bsuir.mg.tanks\brick.cpp(39): warning C4244: аргумент: преобразование "double" в "float", возможна потеря данных
     1>e:\my_tank\work\tank\bsuir.mg.tanks\bsuir.mg.tanks\brick.cpp(56): warning C4244: инициализация: преобразование "double" в "int", возможна потеря данных
     1>e:\my_tank\work\tank\bsuir.mg.tanks\bsuir.mg.tanks\brick.cpp(57): warning C4244: инициализация: преобразование "double" в "int", возможна потеря данных
     1>e:\my_tank\work\tank\bsuir.mg.tanks\bsuir.mg.tanks\brick.cpp(58): warning C4244: инициализация: преобразование "double" в "int", возможна потеря данных
     1>e:\my_tank\work\tank\bsuir.mg.tanks\bsuir.mg.tanks\brick.cpp(64): warning C4244: аргумент: преобразование "int" в "GLfloat", возможна потеря данных
     1>e:\my_tank\work\tank\bsuir.mg.tanks\bsuir.mg.tanks\brick.cpp(65): warning C4244: аргумент: преобразование "int" в "GLfloat", возможна потеря данных
     1>e:\my_tank\work\tank\bsuir.mg.tanks\bsuir.mg.tanks\brick.cpp(66): warning C4244: аргумент: преобразование "int" в "GLfloat", возможна потеря данных
     1>e:\my_tank\work\tank\bsuir.mg.tanks\bsuir.mg.tanks\brick.cpp(67): warning C4244: аргумент: преобразование "int" в "GLfloat", возможна потеря данных
     1>e:\my_tank\work\tank\bsuir.mg.tanks\bsuir.mg.tanks\brick.cpp(81): warning C4244: аргумент: преобразование "int" в "GLfloat", возможна потеря данных
     1>e:\my_tank\work\tank\bsuir.mg.tanks\bsuir.mg.tanks\brick.cpp(82): warning C4244: аргумент: преобразование "int" в "GLfloat", возможна потеря данных
     1>e:\my_tank\work\tank\bsuir.mg.tanks\bsuir.mg.tanks\brick.cpp(84): warning C4244: аргумент: преобразование "int" в "GLfloat", возможна потеря данных
     1>e:\my_tank\work\tank\bsuir.mg.tanks\bsuir.mg.tanks\brick.cpp(96): warning C4244: аргумент: преобразование "int" в "GLfloat", возможна потеря данных
     1>e:\my_tank\work\tank\bsuir.mg.tanks\bsuir.mg.tanks\brick.cpp(97): warning C4244: аргумент: преобразование "int" в "GLfloat", возможна потеря данных
     1>e:\my_tank\work\tank\bsuir.mg.tanks\bsuir.mg.tanks\brick.cpp(98): warning C4244: аргумент: преобразование "int" в "GLfloat", возможна потеря данных
     1>e:\my_tank\work\tank\bsuir.mg.tanks\bsuir.mg.tanks\brick.cpp(99): warning C4244: аргумент: преобразование "int" в "GLfloat", возможна потеря данных
     1>e:\my_tank\work\tank\bsuir.mg.tanks\bsuir.mg.tanks\brick.cpp(111): warning C4244: аргумент: преобразование "int" в "GLfloat", возможна потеря данных
     1>e:\my_tank\work\tank\bsuir.mg.tanks\bsuir.mg.tanks\brick.cpp(113): warning C4244: аргумент: преобразование "int" в "GLfloat", возможна потеря данных
     1>e:\my_tank\work\tank\bsuir.mg.tanks\bsuir.mg.tanks\brick.cpp(114): warning C4244: аргумент: преобразование "int" в "GLfloat", возможна потеря данных
     1>e:\my_tank\work\tank\bsuir.mg.tanks\bsuir.mg.tanks\brick.cpp(127): warning C4244: аргумент: преобразование "int" в "GLfloat", возможна потеря данных
     1>e:\my_tank\work\tank\bsuir.mg.tanks\bsuir.mg.tanks\brick.cpp(128): warning C4244: аргумент: преобразование "int" в "GLfloat", возможна потеря данных
     1>e:\my_tank\work\tank\bsuir.mg.tanks\bsuir.mg.tanks\brick.cpp(129): warning C4244: аргумент: преобразование "int" в "GLfloat", возможна потеря данных
     1>e:\my_tank\work\tank\bsuir.mg.tanks\bsuir.mg.tanks\brick.cpp(130): warning C4244: аргумент: преобразование "int" в "GLfloat", возможна потеря данных
     1>e:\my_tank\work\tank\bsuir.mg.tanks\bsuir.mg.tanks\brick.cpp(143): warning C4244: аргумент: преобразование "int" в "GLfloat", возможна потеря данных
     1>e:\my_tank\work\tank\bsuir.mg.tanks\bsuir.mg.tanks\brick.cpp(144): warning C4244: аргумент: преобразование "int" в "GLfloat", возможна потеря данных
     1>e:\my_tank\work\tank\bsuir.mg.tanks\bsuir.mg.tanks\brick.cpp(146): warning C4244: аргумент: преобразование "int" в "GLfloat", возможна потеря данных
       Link:
         D:\Visual 2012\VC\bin\link.exe /ERRORREPORT:PROMPT /OUT:"E:\My_Tank\Work\Tank\BSUIR.MG.Tanks\Debug\BSUIR.MG.Tanks.exe" /INCREMENTAL /NOLOGO /LIBPATH:E:\My_Tank\Work\Tank\BSUIR.MG.Tanks\/common/lib glew32.lib freeglut.lib kernel32.lib user32.lib gdi32.lib winspool.lib comdlg32.lib advapi32.lib shell32.lib ole32.lib oleaut32.lib uuid.lib odbc32.lib odbccp32.lib kernel32.lib user32.lib gdi32.lib winspool.lib comdlg32.lib advapi32.lib shell32.lib ole32.lib oleaut32.lib uuid.lib odbc32.lib odbccp32.lib /MANIFEST /MANIFESTUAC:"level='asInvoker' uiAccess='false'" /manifest:embed /DEBUG /PDB:"E:\My_Tank\Work\Tank\BSUIR.MG.Tanks\Debug\BSUIR.MG.Tanks.pdb" /TLBID:1 /DYNAMICBASE /NXCOMPAT /IMPLIB:"E:\My_Tank\Work\Tank\BSUIR.MG.Tanks\Debug\BSUIR.MG.Tanks.lib" /MACHINE:X86 Debug\BSUIR.MG.Tanks.res
         Debug\3ds.obj
         Debug\Brick.obj
         Debug\Camera.obj
         Debug\CollisionBox.obj
         Debug\CollisionBoxArray.obj
         Debug\CollisionSquare.obj
         Debug\ControlWarObject.obj
         Debug\Global.obj
         Debug\main_disabled.obj
         Debug\main.obj
         Debug\GameModel3Ds.obj
         Debug\Tank.obj
         Debug\Terrain.obj
         Debug\Texture.obj
         Debug\Tray.obj
         Debug\Tvector.obj
         BSUIR.MG.Tanks.vcxproj -> E:\My_Tank\Work\Tank\BSUIR.MG.Tanks\Debug\BSUIR.MG.Tanks.exe
     1>Построение проекта "E:\My_Tank\Work\Tank\BSUIR.MG.Tanks\BSUIR.MG.Tanks\BSUIR.MG.Tanks.vcxproj" завершено (целевые объекты Build).

Построение успешно завершено.

Затраченное время: 00:00:06.32
